Start testing: Aug 11 22:17 中国标准时间
----------------------------------------------------------
1/1 Testing: smoke
1/1 Test: smoke
Command: "D:/dsntp/cproj/dsntp/build-mingw/test_smoke.exe"
Directory: D:/dsntp/cproj/dsntp/build-mingw
"smoke" start time: Aug 11 22:17 中国标准时间
Output:
----------------------------------------------------------
test_smoke OK
<end of output>
Test time =   0.33 sec
----------------------------------------------------------
Test Passed.
"smoke" end time: Aug 11 22:17 中国标准时间
"smoke" time elapsed: 00:00:00
----------------------------------------------------------

End testing: Aug 11 22:17 中国标准时间
